[0mGET /students [32m200[0m 6.247 ms - -[0m
[0mPOST /students [32m200[0m 72.671 ms - -[0m
[0mDELETE /students/1 [32m200[0m 0.861 ms - -[0m
[0mGET /students [32m200[0m 7.557 ms - 319[0m
[0mGET /students/1 [33m404[0m 1.291 ms - 41[0m
[0mGET /students/1 [32m200[0m 5.173 ms - 83[0m
[0mGET /students/2 [32m200[0m 0.899 ms - 77[0m
[0mGET /students/5 [33m404[0m 1.051 ms - 41[0m
[0mGET /students/5 [33m404[0m 0.787 ms - 41[0m
[0mGET / [33m404[0m 2.134 ms - 139[0m
[0mGET /students/5 [33m404[0m 0.742 ms - 41[0m
[0mGET /students [32m200[0m 2.279 ms - 319[0m
[0mGET /students/a [33m404[0m 0.507 ms - 41[0m
[0mGET /students/abc [33m404[0m 0.626 ms - 43[0m
[0mPOST /students [32m201[0m 28.444 ms - -[0m
[0mGET /students [32m200[0m 7.658 ms - 319[0m
[0mPOST /students [32m201[0m 23.995 ms - 77[0m
[0mGET /students [32m200[0m 4.143 ms - 319[0m
[0mPOST /students [32m201[0m 15.809 ms - 77[0m
[0mGET /students [32m200[0m 1.049 ms - 397[0m
[0mGET /students [32m200[0m 3.825 ms - 319[0m
[0mPOST /students [32m201[0m 14.197 ms - 77[0m
[0mPOST /students [33m400[0m 1.734 ms - 25[0m
[0mGET /students [32m200[0m 8.565 ms - 319[0m
[0mDELETE /students/1 [32m200[0m 2.534 ms - 4[0m
[0mGET /students [32m200[0m 0.740 ms - 235[0m
[0mDELETE /students/2 [32m200[0m 0.622 ms - 4[0m
[0mDELETE /students/4 [32m200[0m 1.345 ms - 4[0m
[0mGET /students [32m200[0m 1.462 ms - 80[0m
[0mPOST /students [33m400[0m 20.752 ms - 25[0m
[0mPOST /students [32m201[0m 1.903 ms - 77[0m
[0mGET /students [32m200[0m 0.709 ms - 158[0m
[0mPUT /students/5 [33m404[0m 1.434 ms - 32[0m
[0mGET /students [32m200[0m 0.735 ms - 158[0m
[0mPUT /students/5 [33m404[0m 1.355 ms - 32[0m
[0mGET /students [32m200[0m 5.657 ms - 319[0m
[0mDELETE /students/1 [32m200[0m 2.447 ms - 4[0m
[0mDELETE /students/2 [32m200[0m 0.992 ms - 4[0m
[0mDELETE /students/4 [32m200[0m 2.132 ms - 4[0m
[0mGET /students [32m200[0m 2.167 ms - 80[0m
[0mPOST /students [32m201[0m 50.538 ms - 77[0m
[0mGET /students [32m200[0m 0.836 ms - 158[0m
[0mPOST /students [32m201[0m 28.125 ms - 77[0m
[0mGET /students [32m200[0m 1.945 ms - 397[0m
[0mPUT /students/5 [32m200[0m 9.799 ms - 77[0m
[0mPUT /students/5 [33m404[0m 27.583 ms - 32[0m
[0mPUT /students/4 [32m200[0m 7.960 ms - 76[0m
[0mGET /students [32m200[0m 10.046 ms - 319[0m
[0mPUT /students/4 [32m200[0m 34.124 ms - 72[0m
[0mGET /students [32m200[0m 0.778 ms - 319[0m
[0mGET /students [32m200[0m 7.332 ms - 319[0m
[0mPUT /students/4 [32m200[0m 25.518 ms - 72[0m
[0mGET /students [32m200[0m 1.295 ms - 315[0m
[0mPUT /students/5 [33m404[0m 1.995 ms - 32[0m
[0mDELETE /students/1 [32m200[0m 1.648 ms - 4[0m
[0mDELETE /students/2 [32m200[0m 0.690 ms - 4[0m
[0mGET /students [32m200[0m 1.672 ms - 153[0m
[0mDELETE /students/10 [33m404[0m 11.583 ms - 33[0m
[0mDELETE /students/1 [32m200[0m 1.269 ms - 83[0m
[0mGET /students [32m200[0m 3.669 ms - 235[0m
[0mPOST /students [33m400[0m 12.159 ms - 22[0m
[0mPOST /students [33m400[0m 1.090 ms - 22[0m
[0mPOST /students [33m400[0m 0.850 ms - 22[0m
[0mPOST /students [33m400[0m 0.567 ms - 22[0m
[0mPOST /students [33m400[0m 0.822 ms - 22[0m
[0mPOST /students [32m201[0m 11.985 ms - 77[0m
[0mPOST /students [33m400[0m 1.128 ms - 22[0m
[0mGET /pictures [32m200[0m 7.446 ms - 6910[0m
[0mGET /favicon.ico [33m404[0m 1.075 ms - 150[0m
[0mGET /pictures [32m200[0m 29.964 ms - 7099[0m
[0mGET /pictures [32m200[0m 26.486 ms - 7099[0m
[0mGET /pictures/Capture.JPG [33m404[0m 1.646 ms - 159[0m
[0mPOST /students [33m404[0m 15.383 ms - 1268[0m
[0mGET /students [32m200[0m 6.056 ms - 319[0m
[0mPOST /students [33m404[0m 11.355 ms - 22[0m
[0mPOST /students/avatar [33m404[0m 3.656 ms - 155[0m
[0mPOST /students/avatar [0m-[0m - ms - -[0m
[0mPOST /students/avatar [33m404[0m 5.732 ms - 155[0m
[0mPOST /students/profile [32m200[0m 2.314 ms - 15[0m
[0mPOST /students/profile [33m404[0m 8.067 ms - 117[0m
[0mPOST /students/profile [33m404[0m 14.651 ms - 117[0m
[0mPOST /students/profile [33m404[0m 15.478 ms - 117[0m
[0mPOST /students/profile [33m404[0m 15.885 ms - 117[0m
[0mPOST /students/profiles [33m404[0m 2.291 ms - 157[0m
[0mPOST /students/profile [33m404[0m 4.564 ms - 117[0m
[0mPOST /students/profile [33m404[0m 16.670 ms - 117[0m
[0mPOST /students/profile [33m404[0m 3.517 ms - 117[0m
[0mPOST /students/profile [33m404[0m 3.404 ms - 116[0m
[0mPOST /students/profile [33m404[0m 2.849 ms - 116[0m
[0mPOST /students/profile [32m200[0m 7.698 ms - 15[0m
[0mPOST /students/profile [32m200[0m 18.173 ms - 15[0m
[0mPOST /students/profile [33m404[0m 16.128 ms - 156[0m
[0mPOST /students/profile [33m404[0m 16.556 ms - 156[0m
[0mPOST /students/profile [32m200[0m 19.314 ms - 15[0m
[0mPOST /students/profile [32m200[0m 5.143 ms - 15[0m
[0mPOST /students/profile [32m200[0m 19.108 ms - 25[0m
[0mPOST /students/profile [33m404[0m 17.720 ms - 2[0m
[0mPOST /students/profile [32m200[0m 19.442 ms - 16[0m
[0mPOST /students/profile [33m404[0m 19.782 ms - 2[0m
[0mPOST /students/profile [32m200[0m 17.162 ms - 265[0m
[0mPOST /students/profile [32m200[0m 17.447 ms - 260[0m
[0mGET /students [32m200[0m 10.961 ms - -[0m
[0mGET /students [32m200[0m 11.668 ms - -[0m
[0mGET /students [32m200[0m 10.936 ms - -[0m
[0mGET /students [32m200[0m 10.989 ms - -[0m
[0mGET /students [32m200[0m 10.760 ms - -[0m
[0mGET /students [32m200[0m 11.952 ms - -[0m
[0mGET /students [32m200[0m 14.859 ms - -[0m
[0mGET /students [32m200[0m 11.179 ms - -[0m
[0mGET /students [32m200[0m 11.844 ms - -[0m
[0mGET /students [32m200[0m 12.240 ms - -[0m
[0mGET /students [32m200[0m 1.692 ms - -[0m
[0mGET /students [32m200[0m 11.758 ms - -[0m
[0mGET /students [32m200[0m 12.640 ms - -[0m
[0mGET /students [32m200[0m 13.408 ms - -[0m
[0mGET /students [32m200[0m 11.572 ms - -[0m
[0mGET /students [32m200[0m 30.942 ms - -[0m
[0mGET /students [32m200[0m 28.167 ms - -[0m
[0mGET /students/1 [33m404[0m 29.712 ms - 32[0m
[0mGET /students/1 [32m200[0m 34.361 ms - 104[0m
[0mGET /students/1 [33m404[0m 28.846 ms - 32[0m
[0mGET /students/1 [32m200[0m 29.538 ms - 104[0m
[0mGET /students/2 [32m200[0m 6.072 ms - 104[0m
[0mPOST /students [33m404[0m 14.844 ms - 22[0m
[0mPOST /students [32m201[0m 30.454 ms - 103[0m
[0mPOST /students [32m201[0m 42.337 ms - 110[0m
[0mGET /students/2 [32m200[0m 9.044 ms - 104[0m
[0mGET /students/3 [32m200[0m 8.222 ms - 110[0m
[0mGET /students/5 [33m404[0m 3.917 ms - 32[0m
[0mGET /students/5 [33m404[0m 29.048 ms - 32[0m
[0mGET /students/1 [33m404[0m 6.125 ms - 32[0m
[0mGET /students/2 [32m200[0m 6.898 ms - 104[0m
[0mPOST /students [32m201[0m 18.860 ms - 110[0m
[0mPOST /students [32m201[0m 3.684 ms - 110[0m
[0mPOST /students [32m201[0m 3.756 ms - 110[0m
[0mGET /students [32m200[0m 4.190 ms - -[0m
[0mDELETE /students/1 [32m200[0m 5.242 ms - 109[0m
[0mDELETE /students/60 [32m200[0m 26.271 ms - 109[0m
[0mDELETE /students/60 [33m404[0m 27.732 ms - 33[0m
[0mDELETE /students/2 [32m200[0m 6.175 ms - 30[0m
